<?xml version="1.0" encoding="UTF-8"?>
<!-- Generated by org.testng.reporters.JUnitXMLReporter -->
<testsuite ignored="0" hostname="LAPTOP-DCSLAHO4" failures="0" tests="4" name="Test" time="53.419" errors="0" timestamp="2023-04-09T11:42:05 IST">
  <testcase classname="portfolioAnalystTestClasses.NewTest1" name="@BeforeMethod beforeMethod" time="7.033">
    <failure type="org.openqa.selenium.NoSuchSessionException" message="invalid session id
Build info: version: &amp;apos;4.7.2&amp;apos;, revision: &amp;apos;4d4020c3b7&amp;apos;
System info: os.name: &amp;apos;Windows 11&amp;apos;, os.arch: &amp;apos;amd64&amp;apos;, os.version: &amp;apos;10.0&amp;apos;, java.version: &amp;apos;11.0.16&amp;apos;
Driver info: org.openqa.selenium.chrome.ChromeDriver
Command: [212002a9236d98a4318f9cc29b0afe50, findElement {using=xpath, value=//a[@class=&amp;apos;btn btn-primary order-0 order-lg-1&amp;apos;]}]
Capabilities {acceptInsecureCerts: false, browserName: chrome, browserVersion: 112.0.5615.50, chrome: {chromedriverVersion: 112.0.5615.49 (bd2a7bcb881c..., userDataDir: C:\Users\umesh\AppData\Loca...}, goog:chromeOptions: {debuggerAddress: localhost:61610}, networkConnectionEnabled: false, pageLoadStrategy: normal, platformName: WINDOWS, proxy: Proxy(), se:cdp: ws://localhost:61610/devtoo..., se:cdpVersion: 112.0.5615.50, setWindowRect: true, strictFileInteractability: false, timeouts: {implicit: 0, pageLoad: 300000, script: 30000}, unhandledPromptBehavior: dismiss and notify, webauthn:extension:credBlob: true, webauthn:extension:largeBlob: true, webauthn:extension:minPinLength: true, webauthn:extension:prf: true, webauthn:virtualAuthenticators: true}
Session ID: 212002a9236d98a4318f9cc29b0afe50">
      <![CDATA[org.openqa.selenium.NoSuchSessionException: invalid session id
Build info: version: '4.7.2', revision: '4d4020c3b7'
System info: os.name: 'Windows 11', os.arch: 'amd64', os.version: '10.0', java.version: '11.0.16'
Driver info: org.openqa.selenium.chrome.ChromeDriver
Command: [212002a9236d98a4318f9cc29b0afe50, findElement {using=xpath, value=//a[@class='btn btn-primary order-0 order-lg-1']}]
Capabilities {acceptInsecureCerts: false, browserName: chrome, browserVersion: 112.0.5615.50, chrome: {chromedriverVersion: 112.0.5615.49 (bd2a7bcb881c..., userDataDir: C:\Users\umesh\AppData\Loca...}, goog:chromeOptions: {debuggerAddress: localhost:61610}, networkConnectionEnabled: false, pageLoadStrategy: normal, platformName: WINDOWS, proxy: Proxy(), se:cdp: ws://localhost:61610/devtoo..., se:cdpVersion: 112.0.5615.50, setWindowRect: true, strictFileInteractability: false, timeouts: {implicit: 0, pageLoad: 300000, script: 30000}, unhandledPromptBehavior: dismiss and notify, webauthn:extension:credBlob: true, webauthn:extension:largeBlob: true, webauthn:extension:minPinLength: true, webauthn:extension:prf: true, webauthn:virtualAuthenticators: true}
Session ID: 212002a9236d98a4318f9cc29b0afe50
at org.openqa.selenium.remote.codec.w3c.W3CHttpResponseCodec.createException(W3CHttpResponseCodec.java:200)
at org.openqa.selenium.remote.codec.w3c.W3CHttpResponseCodec.decode(W3CHttpResponseCodec.java:133)
at org.openqa.selenium.remote.codec.w3c.W3CHttpResponseCodec.decode(W3CHttpResponseCodec.java:53)
at org.openqa.selenium.remote.HttpCommandExecutor.execute(HttpCommandExecutor.java:184)
at org.openqa.selenium.remote.service.DriverCommandExecutor.invokeExecute(DriverCommandExecutor.java:167)
at org.openqa.selenium.remote.service.DriverCommandExecutor.execute(DriverCommandExecutor.java:142)
at org.openqa.selenium.remote.RemoteWebDriver.execute(RemoteWebDriver.java:535)
at org.openqa.selenium.remote.ElementLocation$ElementFinder$2.findElement(ElementLocation.java:162)
at org.openqa.selenium.remote.ElementLocation.findElement(ElementLocation.java:60)
at org.openqa.selenium.remote.RemoteWebDriver.findElement(RemoteWebDriver.java:351)
at org.openqa.selenium.remote.RemoteWebDriver.findElement(RemoteWebDriver.java:343)
at org.openqa.selenium.support.pagefactory.DefaultElementLocator.findElement(DefaultElementLocator.java:70)
at org.openqa.selenium.support.pagefactory.internal.LocatingElementHandler.invoke(LocatingElementHandler.java:39)
at com.sun.proxy.$Proxy18.click(Unknown Source)
at portfolioAnalystPomClasses.PASAHomepage.clickOnGetStartedBtn(PASAHomepage.java:20)
at portfolioAnalystTestClasses.NewTest1.beforeMethod(NewTest1.java:33)
at java.base/java.util.ArrayList.forEach(ArrayList.java:1541)
... Removed 35 stack frames]]>
    </failure>
  </testcase> <!-- @BeforeMethod beforeMethod -->
  <testcase classname="portfolioAnalystTestClasses.NewTest1" name="@AfterMethod CloseTheBBrowser" time="0.0">
    <skipped/>
  </testcase> <!-- @AfterMethod CloseTheBBrowser -->
  <testcase classname="portfolioAnalystTestClasses.NewTest1" name="@BeforeMethod beforeMethod" time="0.0">
    <skipped/>
  </testcase> <!-- @BeforeMethod beforeMethod -->
  <testcase classname="portfolioAnalystTestClasses.NewTest1" name="@AfterMethod CloseTheBBrowser" time="0.0">
    <skipped/>
  </testcase> <!-- @AfterMethod CloseTheBBrowser -->
  <testcase classname="portfolioAnalystTestClasses.NewTest1" name="@BeforeMethod beforeMethod" time="0.0">
    <skipped/>
  </testcase> <!-- @BeforeMethod beforeMethod -->
  <testcase classname="portfolioAnalystTestClasses.NewTest1" name="@AfterMethod CloseTheBBrowser" time="0.0">
    <skipped/>
  </testcase> <!-- @AfterMethod CloseTheBBrowser -->
  <testcase classname="portfolioAnalystTestClasses.NewTest1" name="ValidateUrl" time="0.044"/>
  <testcase classname="portfolioAnalystTestClasses.NewTest1" name="ValidateAgreeButton" time="0.0">
    <skipped/>
  </testcase> <!-- ValidateAgreeButton -->
  <testcase classname="portfolioAnalystTestClasses.NewTest1" name="ValidateAgreementLink" time="0.0">
    <skipped/>
  </testcase> <!-- ValidateAgreementLink -->
  <testcase classname="portfolioAnalystTestClasses.NewTest1" name="ValidateEmailConfirmation" time="0.0">
    <skipped/>
  </testcase> <!-- ValidateEmailConfirmation -->
</testsuite> <!-- Test -->
